<?xml version="1.0" encoding="UTF-8"?>
<testsuite name="uk.gov.runner.TestRunner" time="1.787" tests="24" errors="0" skipped="0" failures="0">
  <properties>
    <property name="java.runtime.name" value="Java(TM) SE Runtime Environment"/>
    <property name="sun.boot.library.path" value="/Library/Java/JavaVirtualMachines/jdk1.8.0_144.jdk/Contents/Home/jre/lib"/>
    <property name="java.vm.version" value="25.144-b01"/>
    <property name="gopherProxySet" value="false"/>
    <property name="java.vm.vendor" value="Oracle Corporation"/>
    <property name="maven.multiModuleProjectDirectory" value="/Users/Koraboinas/Downloads/SeleniumTask_Cucumber"/>
    <property name="java.vendor.url" value="http://java.oracle.com/"/>
    <property name="path.separator" value=":"/>
    <property name="guice.disable.misplaced.annotation.check" value="true"/>
    <property name="java.vm.name" value="Java HotSpot(TM) 64-Bit Server VM"/>
    <property name="file.encoding.pkg" value="sun.io"/>
    <property name="user.country" value="GB"/>
    <property name="sun.java.launcher" value="SUN_STANDARD"/>
    <property name="sun.os.patch.level" value="unknown"/>
    <property name="java.vm.specification.name" value="Java Virtual Machine Specification"/>
    <property name="user.dir" value="/Users/Koraboinas/Downloads/SeleniumTask_Cucumber"/>
    <property name="java.runtime.version" value="1.8.0_144-b01"/>
    <property name="java.awt.graphicsenv" value="sun.awt.CGraphicsEnvironment"/>
    <property name="java.endorsed.dirs" value="/Library/Java/JavaVirtualMachines/jdk1.8.0_144.jdk/Contents/Home/jre/lib/endorsed"/>
    <property name="os.arch" value="x86_64"/>
    <property name="java.io.tmpdir" value="/var/folders/67/qhflwvy10c14fz1njmhmhnl40000gn/T/"/>
    <property name="line.separator" value="&#10;"/>
    <property name="java.vm.specification.vendor" value="Oracle Corporation"/>
    <property name="os.name" value="Mac OS X"/>
    <property name="classworlds.conf" value="/Users/Koraboinas/apache-maven-3.5.2/bin/m2.conf"/>
    <property name="sun.jnu.encoding" value="UTF-8"/>
    <property name="java.library.path" value="/Users/Koraboinas/Library/Java/Extensions:/Library/Java/Extensions:/Network/Library/Java/Extensions:/System/Library/Java/Extensions:/usr/lib/java:."/>
    <property name="maven.conf" value="/Users/Koraboinas/apache-maven-3.5.2/conf"/>
    <property name="java.specification.name" value="Java Platform API Specification"/>
    <property name="java.class.version" value="52.0"/>
    <property name="sun.management.compiler" value="HotSpot 64-Bit Tiered Compilers"/>
    <property name="os.version" value="10.12.6"/>
    <property name="library.jansi.path" value="/Users/Koraboinas/apache-maven-3.5.2/lib/jansi-native"/>
    <property name="http.nonProxyHosts" value="local|*.local|169.254/16|*.169.254/16"/>
    <property name="user.home" value="/Users/Koraboinas"/>
    <property name="user.timezone" value="Europe/London"/>
    <property name="java.awt.printerjob" value="sun.lwawt.macosx.CPrinterJob"/>
    <property name="java.specification.version" value="1.8"/>
    <property name="file.encoding" value="UTF-8"/>
    <property name="user.name" value="Koraboinas"/>
    <property name="java.class.path" value="/Users/Koraboinas/apache-maven-3.5.2/boot/plexus-classworlds-2.5.2.jar"/>
    <property name="java.vm.specification.version" value="1.8"/>
    <property name="sun.arch.data.model" value="64"/>
    <property name="java.home" value="/Library/Java/JavaVirtualMachines/jdk1.8.0_144.jdk/Contents/Home/jre"/>
    <property name="sun.java.command" value="org.codehaus.plexus.classworlds.launcher.Launcher test"/>
    <property name="java.specification.vendor" value="Oracle Corporation"/>
    <property name="user.language" value="en"/>
    <property name="awt.toolkit" value="sun.lwawt.macosx.LWCToolkit"/>
    <property name="java.vm.info" value="mixed mode"/>
    <property name="java.version" value="1.8.0_144"/>
    <property name="java.ext.dirs" value="/Users/Koraboinas/Library/Java/Extensions:/Library/Java/JavaVirtualMachines/jdk1.8.0_144.jdk/Contents/Home/jre/lib/ext:/Library/Java/Extensions:/Network/Library/Java/Extensions:/System/Library/Java/Extensions:/usr/lib/java"/>
    <property name="sun.boot.class.path" value="/Library/Java/JavaVirtualMachines/jdk1.8.0_144.jdk/Contents/Home/jre/lib/resources.jar:/Library/Java/JavaVirtualMachines/jdk1.8.0_144.jdk/Contents/Home/jre/lib/rt.jar:/Library/Java/JavaVirtualMachines/jdk1.8.0_144.jdk/Contents/Home/jre/lib/sunrsasign.jar:/Library/Java/JavaVirtualMachines/jdk1.8.0_144.jdk/Contents/Home/jre/lib/jsse.jar:/Library/Java/JavaVirtualMachines/jdk1.8.0_144.jdk/Contents/Home/jre/lib/jce.jar:/Library/Java/JavaVirtualMachines/jdk1.8.0_144.jdk/Contents/Home/jre/lib/charsets.jar:/Library/Java/JavaVirtualMachines/jdk1.8.0_144.jdk/Contents/Home/jre/lib/jfr.jar:/Library/Java/JavaVirtualMachines/jdk1.8.0_144.jdk/Contents/Home/jre/classes"/>
    <property name="java.vendor" value="Oracle Corporation"/>
    <property name="maven.home" value="/Users/Koraboinas/apache-maven-3.5.2"/>
    <property name="file.separator" value="/"/>
    <property name="java.vendor.url.bug" value="http://bugreport.sun.com/bugreport/"/>
    <property name="sun.cpu.endian" value="little"/>
    <property name="sun.io.unicode.encoding" value="UnicodeBig"/>
    <property name="socksNonProxyHosts" value="local|*.local|169.254/16|*.169.254/16"/>
    <property name="ftp.nonProxyHosts" value="local|*.local|169.254/16|*.169.254/16"/>
    <property name="sun.cpu.isalist" value=""/>
  </properties>
  <testcase name="Given user enters the URL" classname="| BL06 WJU | HONDA |" time="0.002"/>
  <testcase name="When User clicks on start now button" classname="| BL06 WJU | HONDA |" time="0"/>
  <testcase name="When User enters vehicle &quot;BL06 WJU&quot; number and clicks on continue" classname="| BL06 WJU | HONDA |" time="0"/>
  <testcase name="When User confirms the vehicle details and clicks on continue" classname="| BL06 WJU | HONDA |" time="0"/>
  <testcase name="Then Verify the vehicle make as &quot;HONDA&quot;" classname="| BL06 WJU | HONDA |" time="0"/>
  <testcase name="| BL06 WJU | HONDA |" classname="| BL06 WJU | HONDA |" time="0.574"/>
  <testcase name="Given user enters the URL" classname="| OE07 AAX | FORD |" time="0"/>
  <testcase name="When User clicks on start now button" classname="| OE07 AAX | FORD |" time="0"/>
  <testcase name="When User enters vehicle &quot;OE07 AAX&quot; number and clicks on continue" classname="| OE07 AAX | FORD |" time="0"/>
  <testcase name="When User confirms the vehicle details and clicks on continue" classname="| OE07 AAX | FORD |" time="0"/>
  <testcase name="Then Verify the vehicle make as &quot;FORD&quot;" classname="| OE07 AAX | FORD |" time="0"/>
  <testcase name="| OE07 AAX | FORD |" classname="| OE07 AAX | FORD |" time="0.438"/>
  <testcase name="Given user enters the URL" classname="| AF57 UBD | NISSAN |" time="0"/>
  <testcase name="When User clicks on start now button" classname="| AF57 UBD | NISSAN |" time="0"/>
  <testcase name="When User enters vehicle &quot;AF57 UBD&quot; number and clicks on continue" classname="| AF57 UBD | NISSAN |" time="0"/>
  <testcase name="When User confirms the vehicle details and clicks on continue" classname="| AF57 UBD | NISSAN |" time="0"/>
  <testcase name="Then Verify the vehicle make as &quot;NISSAN&quot;" classname="| AF57 UBD | NISSAN |" time="0"/>
  <testcase name="| AF57 UBD | NISSAN |" classname="| AF57 UBD | NISSAN |" time="0.396"/>
  <testcase name="Given user enters the URL" classname="| RK05 BZT | SAAB |" time="0"/>
  <testcase name="When User clicks on start now button" classname="| RK05 BZT | SAAB |" time="0"/>
  <testcase name="When User enters vehicle &quot;RK05 BZT&quot; number and clicks on continue" classname="| RK05 BZT | SAAB |" time="0"/>
  <testcase name="When User confirms the vehicle details and clicks on continue" classname="| RK05 BZT | SAAB |" time="0"/>
  <testcase name="Then Verify the vehicle make as &quot;SAAB&quot;" classname="| RK05 BZT | SAAB |" time="0"/>
  <testcase name="| RK05 BZT | SAAB |" classname="| RK05 BZT | SAAB |" time="0.377"/>
</testsuite>